<?xml version="1.0" encoding="UTF-8"?>
<!-- Generated by org.testng.reporters.JUnitReportReporter -->
<testsuite hostname="DESKTOP-HQBURN8" failures="0" tests="3" name="practice.DataProvidwerTest" time="0.059" errors="0" timestamp="2022-06-11T11:24:23 IST" skipped="0">
  <testcase classname="practice.DataProvidwerTest" name="bookTicket" time="0.035"/>
  <system-out/>
  <testcase classname="practice.DataProvidwerTest" name="bookTicket" time="0.010"/>
  <system-out/>
  <testcase classname="practice.DataProvidwerTest" name="bookTicket" time="0.014"/>
  <system-out/>
</testsuite> <!-- practice.DataProvidwerTest -->
