<?xml version="1.0" encoding="UTF-8"?>
<!-- Generated by org.testng.reporters.JUnitReportReporter -->
<testsuite hostname="DESKTOP-HQBURN8" failures="0" tests="1" name="com.crm.comcast.contactTest.CreateContactWithoutMandatoryDataTest" time="48.961" errors="0" timestamp="2022-06-09T20:02:12 IST" skipped="0">
  <testcase classname="com.crm.comcast.contactTest.CreateContactWithoutMandatoryDataTest" name="createWithoutMandatoryfieldTest" time="48.961"/>
  <system-out/>
</testsuite> <!-- com.crm.comcast.contactTest.CreateContactWithoutMandatoryDataTest -->
