<?xml version="1.0" encoding="UTF-8"?>
<!-- Generated by org.testng.reporters.JUnitReportReporter -->
<testsuite hostname="DESKTOP-HQBURN8" failures="0" tests="1" name="gridsetup.GridRemote" time="8.422" errors="0" timestamp="2022-06-07T16:55:50 IST" skipped="0">
  <testcase classname="gridsetup.GridRemote" name="rungridRemote" time="8.422"/>
  <system-out/>
</testsuite> <!-- gridsetup.GridRemote -->
