<?xml version="1.0" encoding="UTF-8"?>
<!-- Generated by org.testng.reporters.JUnitReportReporter -->
<testsuite hostname="DESKTOP-HQBURN8" failures="0" tests="2" name="practice.RegionalTestingTest" time="123.839" errors="0" timestamp="2022-06-09T17:11:49 IST" skipped="0">
  <testcase classname="practice.RegionalTestingTest" name="CreateOrganisattion" time="58.030"/>
  <system-out/>
  <testcase classname="practice.RegionalTestingTest" name="createContact1" time="65.809"/>
  <system-out/>
</testsuite> <!-- practice.RegionalTestingTest -->
