<?xml version="1.0" encoding="UTF-8"?>
<!-- Generated by org.testng.reporters.JUnitReportReporter -->
<testsuite hostname="DESKTOP-HQBURN8" failures="0" tests="3" name="practice.DataProviderWithExcel$DataProvidwerTest" time="0.026" errors="0" timestamp="2022-06-11T11:30:09 IST" skipped="0">
  <testcase classname="practice.DataProviderWithExcel$DataProvidwerTest" name="bookTicket" time="0.018"/>
  <system-out/>
  <testcase classname="practice.DataProviderWithExcel$DataProvidwerTest" name="bookTicket" time="0.004"/>
  <system-out/>
  <testcase classname="practice.DataProviderWithExcel$DataProvidwerTest" name="bookTicket" time="0.004"/>
  <system-out/>
</testsuite> <!-- practice.DataProviderWithExcel$DataProvidwerTest -->
