<?xml version="1.0" encoding="UTF-8"?>
<!-- Generated by org.testng.reporters.JUnitReportReporter -->
<testsuite hostname="DESKTOP-HQBURN8" failures="0" tests="1" name="com.crm.comcast.campaignTest.CreatCampaignTest" time="53.013" errors="0" timestamp="2022-06-11T12:33:58 IST" skipped="0">
  <testcase classname="com.crm.comcast.campaignTest.CreatCampaignTest" name="createcampTest" time="53.013"/>
  <system-out/>
</testsuite> <!-- com.crm.comcast.campaignTest.CreatCampaignTest -->
