<?xml version="1.0" encoding="UTF-8"?>
<!-- Generated by org.testng.reporters.JUnitReportReporter -->
<testsuite hostname="DESKTOP-HQBURN8" failures="0" tests="1" name="com.crm.comcast.campaignTest.CreatCampaignWithProductTest" time="188.011" errors="0" timestamp="2022-06-10T11:02:36 IST" skipped="0">
  <testcase classname="com.crm.comcast.campaignTest.CreatCampaignWithProductTest" name="createcampaign" time="188.011"/>
  <system-out/>
</testsuite> <!-- com.crm.comcast.campaignTest.CreatCampaignWithProductTest -->
